[LOG] System::create                           : Header version = 2.00.06. Current version = 2.00.06.
[LOG] Manager::init                            : maxchannels = 256 studioflags = 00000006 flags 00000000 extradriverdata 0000000000000000.
[LOG] SystemI::init                            : Initialize version=20006 (106220), maxchannels=256, flags=0x00020000
[LOG] SystemI::setOutputInternal               : Setting output to 'FMOD WASAPI Output'
[LOG] OutputWASAPI::init                       : Mix Format (WAVEFORMATEX): wFormatTag=0xFFFE, nChannels=2, nSamplesPerSec=48000, nAvgBytesPerSec=384000, nBlockAlign=8, wBitsPerSample=32, cbSize=22.
[LOG] OutputWASAPI::init                       : Mix Format (WAVEFORMATEXTENSIBLE): wValidBitsPerSample=32, dwChannelMask=0x00000003, SubFormat=00000003-0000-0010-8000-00AA00389B71.
[LOG] OutputWASAPI::init                       : Output buffer size: 4096 samples, latency: 0.00ms, period: 10.00ms, DSP buffer: 1024 * 4
[LOG] Thread::initThread                       : Init FMOD stream thread. Priority: 2, Stack Size: 98304, Semaphore: No, Sleep Time: 10, Looping: Yes.
[LOG] Thread::initThread                       : Init FMOD mixer thread. Priority: 3, Stack Size: 81920, Semaphore: No, Sleep Time: 0, Looping: Yes.
[LOG] AsyncManager::init                       : manager 000001B1685DB5E8 isAsync 0 updatePeriod 0.02
[LOG] AsyncManager::init                       : done
[LOG] PlaybackSystem::init                     : 
[LOG] Thread::initThread                       : Init FMOD Studio sample load thread. Priority: 0, Stack Size: 98304, Semaphore: No, Sleep Time: 1, Looping: No.
[LOG] PlaybackSystem::init                     : done
[LOG] Thread::initThread                       : Init FMOD Studio bank load thread. Priority: 0, Stack Size: 98304, Semaphore: No, Sleep Time: 1, Looping: No.
[LOG] Manager::init                            : done.
[LOG] Manager::readBank                        : fileversion = 123, compatVersion = 119 (oldest = 44, newest = 123)
[LOG] PlaybackSystem::acquireMasterBus         : Setting master channel group format to 6
[LOG] SystemI::createSoundInternal             : Create name='', mode=0x02000202
[LOG] SystemI::createSoundInternal             : exinfo->cbsize             = 224
[LOG] SystemI::createSoundInternal             : exinfo->length             = 3304096
[LOG] SystemI::createSoundInternal             : exinfo->fileoffset         = 28544
[LOG] SystemI::createSoundInternal             : exinfo->numsubsounds       = 1
[LOG] SystemI::createSoundInternal             : exinfo->inclusionlist      = 000000A525E8F5DC
[LOG] SystemI::createSoundInternal             : exinfo->inclusionlistnum   = 1
[LOG] SystemI::createSoundInternal             : exinfo->suggestedsoundtype = 5
[LOG] SystemI::createSoundInternal             : exinfo->useropen           = 00007FFD326680A0
[LOG] SystemI::createSoundInternal             : exinfo->userclose          = 00007FFD32668070
[LOG] SystemI::createSoundInternal             : exinfo->userread           = 00007FFD32668170
[LOG] SystemI::createSoundInternal             : exinfo->userseek           = 00007FFD32668230
[LOG] SystemI::createSoundInternal             : exinfo->fileuserdata       = 000001B150D0BF08
[LOG] SystemI::createSoundInternal             : exinfo->initialseekpostype = 1
[LOG] SystemI::DSPCodecPoolRegister            : register codec pool for pool type 5
[LOG] SystemI::createSoundInternal             : Sample 0/1: name='Egg_Carton_Set_Down', format=2, channels=2, frequency=48000, lengthbytes=3520, lengthpcm=16811, pcmblocksize=0, loopstart=0, loopend=0, mode=0x00000000, channelmask=0x00000000, channelorder=0, peakvolume=0.612572.
[LOG] SystemI::createSoundInternal             : Create name='', mode=0x02000202
[LOG] SystemI::createSoundInternal             : exinfo->cbsize             = 224
[LOG] SystemI::createSoundInternal             : exinfo->length             = 3304096
[LOG] SystemI::createSoundInternal             : exinfo->fileoffset         = 28544
[LOG] SystemI::createSoundInternal             : exinfo->numsubsounds       = 1
[LOG] SystemI::createSoundInternal             : exinfo->inclusionlist      = 000000A525E8F5DC
[LOG] SystemI::createSoundInternal             : exinfo->inclusionlistnum   = 1
[LOG] SystemI::createSoundInternal             : exinfo->suggestedsoundtype = 5
[LOG] SystemI::createSoundInternal             : exinfo->useropen           = 00007FFD326680A0
[LOG] SystemI::createSoundInternal             : exinfo->userclose          = 00007FFD32668070
[LOG] SystemI::createSoundInternal             : exinfo->userread           = 00007FFD32668170
[LOG] SystemI::createSoundInternal             : exinfo->userseek           = 00007FFD32668230
[LOG] SystemI::createSoundInternal             : exinfo->fileuserdata       = 000001B150D0BF08
[LOG] SystemI::createSoundInternal             : exinfo->initialseekpostype = 1
[LOG] SystemI::DSPCodecPoolRegister            : register codec pool for pool type 5
[LOG] SystemI::createSoundInternal             : Sample 0/1: name='Egg_Carton_Movement_2', format=2, channels=2, frequency=48000, lengthbytes=9600, lengthpcm=43227, pcmblocksize=0, loopstart=0, loopend=0, mode=0x00000000, channelmask=0x00000000, channelorder=0, peakvolume=0.596995.
[LOG] SystemI::createSoundInternal             : Create name='', mode=0x02000202
[LOG] SystemI::createSoundInternal             : exinfo->cbsize             = 224
[LOG] SystemI::createSoundInternal             : exinfo->length             = 3304096
[LOG] SystemI::createSoundInternal             : exinfo->fileoffset         = 28544
[LOG] SystemI::createSoundInternal             : exinfo->numsubsounds       = 1
[LOG] SystemI::createSoundInternal             : exinfo->inclusionlist      = 000000A525E8F5DC
[LOG] SystemI::createSoundInternal             : exinfo->inclusionlistnum   = 1
[LOG] SystemI::createSoundInternal             : exinfo->suggestedsoundtype = 5
[LOG] SystemI::createSoundInternal             : exinfo->useropen           = 00007FFD326680A0
[LOG] SystemI::createSoundInternal             : exinfo->userclose          = 00007FFD32668070
[LOG] SystemI::createSoundInternal             : exinfo->userread           = 00007FFD32668170
[LOG] SystemI::createSoundInternal             : exinfo->userseek           = 00007FFD32668230
[LOG] SystemI::createSoundInternal             : exinfo->fileuserdata       = 000001B150D0BF08
[LOG] SystemI::createSoundInternal             : exinfo->initialseekpostype = 1
[LOG] SystemI::DSPCodecPoolRegister            : register codec pool for pool type 5
[LOG] SystemI::createSoundInternal             : Sample 0/1: name='Egg_Carton_Movement_3', format=2, channels=2, frequency=48000, lengthbytes=5536, lengthpcm=27161, pcmblocksize=0, loopstart=0, loopend=0, mode=0x00000000, channelmask=0x00000000, channelorder=0, peakvolume=0.693721.
[LOG] SystemI::createSoundInternal             : Create name='', mode=0x02000202
[LOG] SystemI::createSoundInternal             : exinfo->cbsize             = 224
[LOG] SystemI::createSoundInternal             : exinfo->length             = 3304096
[LOG] SystemI::createSoundInternal             : exinfo->fileoffset         = 28544
[LOG] SystemI::createSoundInternal             : exinfo->numsubsounds       = 1
[LOG] SystemI::createSoundInternal             : exinfo->inclusionlist      = 000000A525E8F5DC
[LOG] SystemI::createSoundInternal             : exinfo->inclusionlistnum   = 1
[LOG] SystemI::createSoundInternal             : exinfo->suggestedsoundtype = 5
[LOG] SystemI::createSoundInternal             : exinfo->useropen           = 00007FFD326680A0
[LOG] SystemI::createSoundInternal             : exinfo->userclose          = 00007FFD32668070
[LOG] SystemI::createSoundInternal             : exinfo->userread           = 00007FFD32668170
[LOG] SystemI::createSoundInternal             : exinfo->userseek           = 00007FFD32668230
[LOG] SystemI::createSoundInternal             : exinfo->fileuserdata       = 000001B150D0BF08
[LOG] SystemI::createSoundInternal             : exinfo->initialseekpostype = 1
[LOG] SystemI::DSPCodecPoolRegister            : register codec pool for pool type 5
[LOG] SystemI::createSoundInternal             : Sample 0/1: name='Egg_Carton_Movement_4', format=2, channels=2, frequency=48000, lengthbytes=2272, lengthpcm=9813, pcmblocksize=0, loopstart=0, loopend=0, mode=0x00000000, channelmask=0x00000000, channelorder=0, peakvolume=0.761961.
[LOG] SystemI::createSoundInternal             : Create name='', mode=0x02000202
[LOG] SystemI::createSoundInternal             : exinfo->cbsize             = 224
[LOG] SystemI::createSoundInternal             : exinfo->length             = 3304096
[LOG] SystemI::createSoundInternal             : exinfo->fileoffset         = 28544
[LOG] SystemI::createSoundInternal             : exinfo->numsubsounds       = 1
[LOG] SystemI::createSoundInternal             : exinfo->inclusionlist      = 000000A525E8F5DC
[LOG] SystemI::createSoundInternal             : exinfo->inclusionlistnum   = 1
[LOG] SystemI::createSoundInternal             : exinfo->suggestedsoundtype = 5
[LOG] SystemI::createSoundInternal             : exinfo->useropen           = 00007FFD326680A0
[LOG] SystemI::createSoundInternal             : exinfo->userclose          = 00007FFD32668070
[LOG] SystemI::createSoundInternal             : exinfo->userread           = 00007FFD32668170
[LOG] SystemI::createSoundInternal             : exinfo->userseek           = 00007FFD32668230
[LOG] SystemI::createSoundInternal             : exinfo->fileuserdata       = 000001B150D0BF08
[LOG] SystemI::createSoundInternal             : exinfo->initialseekpostype = 1
[LOG] SystemI::DSPCodecPoolRegister            : register codec pool for pool type 5
[LOG] SystemI::createSoundInternal             : Sample 0/1: name='Egg_Carton_Set_Down_2', format=2, channels=2, frequency=48000, lengthbytes=4416, lengthpcm=20711, pcmblocksize=0, loopstart=0, loopend=0, mode=0x00000000, channelmask=0x00000000, channelorder=0, peakvolume=0.612598.
[LOG] SystemI::createSoundInternal             : Create name='', mode=0x02000202
[LOG] SystemI::createSoundInternal             : exinfo->cbsize             = 224
[LOG] SystemI::createSoundInternal             : exinfo->length             = 3304096
[LOG] SystemI::createSoundInternal             : exinfo->fileoffset         = 28544
[LOG] SystemI::createSoundInternal             : exinfo->numsubsounds       = 1
[LOG] SystemI::createSoundInternal             : exinfo->inclusionlist      = 000000A525E8F5DC
[LOG] SystemI::createSoundInternal             : exinfo->inclusionlistnum   = 1
[LOG] SystemI::createSoundInternal             : exinfo->suggestedsoundtype = 5
[LOG] SystemI::createSoundInternal             : exinfo->useropen           = 00007FFD326680A0
[LOG] SystemI::createSoundInternal             : exinfo->userclose          = 00007FFD32668070
[LOG] SystemI::createSoundInternal             : exinfo->userread           = 00007FFD32668170
[LOG] SystemI::createSoundInternal             : exinfo->userseek           = 00007FFD32668230
[LOG] SystemI::createSoundInternal             : exinfo->fileuserdata       = 000001B150D0BF08
[LOG] SystemI::createSoundInternal             : exinfo->initialseekpostype = 1
[LOG] SystemI::DSPCodecPoolRegister            : register codec pool for pool type 5
[LOG] SystemI::createSoundInternal             : Sample 0/1: name='Egg_Shell_Bowl_Impact', format=2, channels=2, frequency=48000, lengthbytes=6976, lengthpcm=32186, pcmblocksize=0, loopstart=0, loopend=0, mode=0x00000000, channelmask=0x00000000, channelorder=0, peakvolume=0.753864.
[LOG] SystemI::createSoundInternal             : Create name='', mode=0x02000202
[LOG] SystemI::createSoundInternal             : exinfo->cbsize             = 224
[LOG] SystemI::createSoundInternal             : exinfo->length             = 3304096
[LOG] SystemI::createSoundInternal             : exinfo->fileoffset         = 28544
[LOG] SystemI::createSoundInternal             : exinfo->numsubsounds       = 1
[LOG] SystemI::createSoundInternal             : exinfo->inclusionlist      = 000000A525E8F5DC
[LOG] SystemI::createSoundInternal             : exinfo->inclusionlistnum   = 1
[LOG] SystemI::createSoundInternal             : exinfo->suggestedsoundtype = 5
[LOG] SystemI::createSoundInternal             : exinfo->useropen           = 00007FFD326680A0
[LOG] SystemI::createSoundInternal             : exinfo->userclose          = 00007FFD32668070
[LOG] SystemI::createSoundInternal             : exinfo->userread           = 00007FFD32668170
[LOG] SystemI::createSoundInternal             : exinfo->userseek           = 00007FFD32668230
[LOG] SystemI::createSoundInternal             : exinfo->fileuserdata       = 000001B150D0BF08
[LOG] SystemI::createSoundInternal             : exinfo->initialseekpostype = 1
[LOG] SystemI::DSPCodecPoolRegister            : register codec pool for pool type 5
[LOG] SystemI::createSoundInternal             : Sample 0/1: name='Egg_Bubble_Pop', format=2, channels=2, frequency=48000, lengthbytes=4320, lengthpcm=15485, pcmblocksize=0, loopstart=0, loopend=0, mode=0x00000000, channelmask=0x00000000, channelorder=0, peakvolume=0.869207.
[LOG] SystemI::createSoundInternal             : Create name='', mode=0x02000202
[LOG] SystemI::createSoundInternal             : exinfo->cbsize             = 224
[LOG] SystemI::createSoundInternal             : exinfo->length             = 3304096
[LOG] SystemI::createSoundInternal             : exinfo->fileoffset         = 28544
[LOG] SystemI::createSoundInternal             : exinfo->numsubsounds       = 1
[LOG] SystemI::createSoundInternal             : exinfo->inclusionlist      = 000000A525E8F5DC
[LOG] SystemI::createSoundInternal             : exinfo->inclusionlistnum   = 1
[LOG] SystemI::createSoundInternal             : exinfo->suggestedsoundtype = 5
[LOG] SystemI::createSoundInternal             : exinfo->useropen           = 00007FFD326680A0
[LOG] SystemI::createSoundInternal             : exinfo->userclose          = 00007FFD32668070
[LOG] SystemI::createSoundInternal             : exinfo->userread           = 00007FFD32668170
[LOG] SystemI::createSoundInternal             : exinfo->userseek           = 00007FFD32668230
[LOG] SystemI::createSoundInternal             : exinfo->fileuserdata       = 000001B150D0BF08
[LOG] SystemI::createSoundInternal             : exinfo->initialseekpostype = 1
[LOG] SystemI::DSPCodecPoolRegister            : register codec pool for pool type 5
[LOG] SystemI::createSoundInternal             : Sample 0/1: name='Egg_Carton_Set_Down_3', format=2, channels=2, frequency=48000, lengthbytes=3168, lengthpcm=13507, pcmblocksize=0, loopstart=0, loopend=0, mode=0x00000000, channelmask=0x00000000, channelorder=0, peakvolume=0.612576.
[LOG] SystemI::createSoundInternal             : Create name='', mode=0x02000202
[LOG] SystemI::createSoundInternal             : exinfo->cbsize             = 224
[LOG] SystemI::createSoundInternal             : exinfo->length             = 3304096
[LOG] SystemI::createSoundInternal             : exinfo->fileoffset         = 28544
[LOG] SystemI::createSoundInternal             : exinfo->numsubsounds       = 1
[LOG] SystemI::createSoundInternal             : exinfo->inclusionlist      = 000000A525E8F5DC
[LOG] SystemI::createSoundInternal             : exinfo->inclusionlistnum   = 1
[LOG] SystemI::createSoundInternal             : exinfo->suggestedsoundtype = 5
[LOG] SystemI::createSoundInternal             : exinfo->useropen           = 00007FFD326680A0
[LOG] SystemI::createSoundInternal             : exinfo->userclose          = 00007FFD32668070
[LOG] SystemI::createSoundInternal             : exinfo->userread           = 00007FFD32668170
[LOG] SystemI::createSoundInternal             : exinfo->userseek           = 00007FFD32668230
[LOG] SystemI::createSoundInternal             : exinfo->fileuserdata       = 000001B150D0BF08
[LOG] SystemI::createSoundInternal             : exinfo->initialseekpostype = 1
[LOG] SystemI::DSPCodecPoolRegister            : register codec pool for pool type 5
[LOG] SystemI::createSoundInternal             : Sample 0/1: name='Egg_Carton_Movement_1', format=2, channels=2, frequency=48000, lengthbytes=5856, lengthpcm=28993, pcmblocksize=0, loopstart=0, loopend=0, mode=0x00000000, channelmask=0x00000000, channelorder=0, peakvolume=0.526068.
[LOG] SoundI::release                          :  (000001B139C5FD98)
[LOG] SoundI::release                          :     Egg_Bubble_Pop (000001B15B8F9588)
[LOG] SoundI::release                          :  (000001B16C5756F8)
[LOG] SoundI::release                          :     Egg_Carton_Movement_1 (000001B15F1E2548)
[LOG] SoundI::release                          :  (000001B16896FBB8)
[LOG] SoundI::release                          :     Egg_Carton_Movement_2 (000001B15B8F9728)
[LOG] SoundI::release                          :  (000001B168A0B998)
[LOG] SoundI::release                          :     Egg_Carton_Movement_3 (000001B15B8F9248)
[LOG] SoundI::release                          :  (000001B168A0C688)
[LOG] SoundI::release                          :     Egg_Carton_Movement_4 (000001B15B8F90A8)
[LOG] SoundI::release                          :  (000001B15E755848)
[LOG] SoundI::release                          :     Egg_Carton_Set_Down_2 (000001B15B8F9A68)
[LOG] SoundI::release                          :  (000001B130A70FD8)
[LOG] SoundI::release                          :     Egg_Carton_Set_Down_3 (000001B15B8F98C8)
[LOG] SoundI::release                          :  (000001B16896EBE8)
[LOG] SoundI::release                          :     Egg_Carton_Set_Down (000001B15B8F9DA8)
[LOG] SoundI::release                          :  (000001B15E755288)
[LOG] SoundI::release                          :     Egg_Shell_Bowl_Impact (000001B15B8F93E8)
[LOG] Thread::callback                         : FMOD Studio bank load thread finished.
[LOG] Thread::callback                         : FMOD Studio sample load thread finished.
[LOG] LiveUpdate::release                      : 
[LOG] LiveUpdate::reset                        : Reset connection (reason Disconnected)
[LOG] Thread::callback                         : FMOD stream thread finished.
[LOG] Thread::callback                         : FMOD mixer thread finished.
[LOG] SystemI::close                           : Closed.
[LOG] SoundI::release                          :  (000001B168A0C968)
[LOG] SoundI::release                          :     Egg_Bubble_Pop (000001B168E38738)
[LOG] SoundI::release                          :  (000001B168A0C518)
[LOG] SoundI::release                          :     Egg_Carton_Movement_1 (000001B168E38DB8)
[LOG] SoundI::release                          :  (000001B139C601E8)
[LOG] SoundI::release                          :     Egg_Carton_Movement_2 (000001B155C7DC88)
[LOG] SoundI::release                          :  (000001B139C604C8)
[LOG] SoundI::release                          :     Egg_Carton_Movement_3 (000001B155C7D7A8)
[LOG] SoundI::release                          :  (000001B139C61048)
[LOG] SoundI::release                          :     Egg_Carton_Movement_4 (000001B168E38A78)
[LOG] SoundI::release                          :  (000001B168A0AF88)
[LOG] SoundI::release                          :     Egg_Carton_Set_Down_2 (000001B168E38C18)
[LOG] SoundI::release                          :  (000001B168A0C3A8)
[LOG] SoundI::release                          :     Egg_Carton_Set_Down_3 (000001B168E38598)
[LOG] SoundI::release                          :  (000001B139C60078)
[LOG] SoundI::release                          :     Egg_Carton_Set_Down (000001B155C7D948)
[LOG] SoundI::release                          :  (000001B168A0C7F8)
[LOG] SoundI::release                          :     Egg_Shell_Bowl_Impact (000001B168E388D8)
[LOG] SoundI::release                          :  (000001B16896EA78)
[LOG] SoundI::release                          :     SplashKaktus (000001B15291F308)
[LOG] Thread::callback                         : FMOD Studio update thread finished.
[LOG] Thread::callback                         : FMOD Studio bank load thread finished.
[LOG] Profile::disconnectAll                   : Profiler disconnecting all clients
[LOG] Thread::callback                         : FMOD Studio sample load thread finished.
[LOG] LiveUpdate::release                      : 
[LOG] LiveUpdate::reset                        : Reset connection (reason Disconnected)
[LOG] Thread::callback                         : FMOD stream thread finished.
[LOG] Thread::callback                         : FMOD mixer thread finished.
[LOG] Profile::disconnectAll                   : Profiler disconnecting all clients
[LOG] SystemI::close                           : Closed.
